[debug] > Exec(early(addDefaultCommands), None, None)
[debug] > Exec(addDefaultCommands, None, None)
[debug] > Exec(early(initialize), None, None)
[debug] > Exec(initialize, None, None)
[debug] > Exec(early(addPluginSbtFile="""C:\Users\sjk37\AppData\Local\Temp\idea.sbt"""), None, None)
[debug] > Exec(addPluginSbtFile="""C:\Users\sjk37\AppData\Local\Temp\idea.sbt""", None, None)
[debug] > Exec(boot, None, None)
[debug] > Exec(writeSbtVersion, None, None)
[debug] > Exec(reload, None, None)
[debug] > Exec(sbtStashOnFailure, None, None)
[debug] > Exec(onFailure loadFailed, None, None)
[debug] > Exec(loadp, None, None)
[info] welcome to sbt 1.4.7 (Oracle Corporation Java 1.8.0_281)
[debug]       Load.loadUnit: plugins took 71.3684ms
[debug]       Load.loadUnit: defsScala took 0.3058ms
[debug] [Loading] Scanning directory C:\Users\sjk37\.sbt\1.0\plugins
[debug] [Loading] Found non-root projects 
[debug] [Loading] Done in C:\Users\sjk37\.sbt\1.0\plugins, returning: ()
[debug] deducing auto plugins based on known facts Set(Atom(sbt.plugins.CorePlugin)) and clauses Clauses(List(Clause(Atom(sbt.plugins.JvmPlugin),Set(Atom(sbt.plugins.IvyPlugin))), Clause(Atom(sbt.ScriptedPlugin),Set(Atom(sbt.plugins.JvmPlugin))), Clause(Atom(sbt.plugins.SbtPlugin),Set(Atom(sbt.ScriptedPlugin))), Clause(Atom(sbt.plugins.SemanticdbPlugin),Set(Atom(sbt.plugins.JvmPlugin))), Clause(Atom(sbt.plugins.JUnitXmlReportPlugin),Set(Atom(sbt.plugins.JvmPlugin))), Clause(Atom(sbt.plugins.MiniDependencyTreePlugin),Set(Atom(sbt.plugins.JvmPlugin))), Clause(Atom(sbt.plugins.CorePlugin),Set(Atom(sbt.plugins.IvyPlugin))), Clause(Atom(sbt.plugins.IvyPlugin),Set(Atom(sbt.plugins.JvmPlugin))), Clause(Atom(sbt.plugins.JvmPlugin),Set(Atom(sbt.plugins.SemanticdbPlugin))), Clause(Atom(sbt.plugins.JvmPlugin),Set(Atom(sbt.plugins.JUnitXmlReportPlugin))), Clause(Atom(sbt.plugins.CorePlugin),Set(Atom(sbt.plugins.Giter8TemplatePlugin))), Clause(Atom(sbt.plugins.JvmPlugin),Set(Atom(sbt.plugins.MiniDependencyTreePlugin)))))
[debug]   :: deduced result: Matched(sbt.plugins.CorePlugin,sbt.plugins.Giter8TemplatePlugin,sbt.plugins.IvyPlugin,sbt.plugins.JvmPlugin,sbt.plugins.MiniDependencyTreePlugin,sbt.plugins.JUnitXmlReportPlugin,sbt.plugins.SemanticdbPlugin)
[debug] Plugins.deducer#function took 18.6115 ms
[debug]           Load.resolveProject(global-plugins) took 39.3395ms
[debug]         Load.loadTransitive: finalizeProject(Project(id global-plugins, base: C:\Users\sjk37\.sbt\1.0\plugins, plugins: List(<none>))) took 79.8559ms
[debug] [Loading] Done in C:\Users\sjk37\.sbt\1.0\plugins, returning: (global-plugins)
[debug]       Load.loadUnit: loadedProjectsRaw took 103.1247ms
[debug]       Load.loadUnit: cleanEvalClasses took 0.1798ms
[debug]     Load.loadUnit(file:/C:/Users/sjk37/.sbt/1.0/plugins/, ...) took 183.3785ms
[debug]   Load.apply: load took 439.2821ms
[debug]   Load.apply: resolveProjects took 4.5463ms
[debug]   Load.apply: finalTransforms took 40.8053ms
[debug]   Load.apply: config.delegates took 6.0913ms
[debug]   Load.apply: Def.make(settings)... took 297.3281ms
[debug]   Load.apply: structureIndex took 80.7233ms
[debug]   Load.apply: mkStreams took 1.3572ms
[info] loading global plugins from C:\Users\sjk37\.sbt\1.0\plugins
[debug] Running task... Cancel: Signal, check cycles: false, forcegc: true
[debug] Load.defaultLoad until apply took 3623.5828ms
[debug]           Load.loadUnit: plugins took 24.492ms
[debug]           Load.loadUnit: defsScala took 0.0026ms
[debug] [Loading] Scanning directory C:\Users\sjk37\Documents\ICP8\project
[debug]             Load.loadUnit: mkEval took 8.3165ms
[debug] [Loading] Found non-root projects 
[debug] [Loading] Done in C:\Users\sjk37\Documents\ICP8\project, returning: ()
[debug] deducing auto plugins based on known facts Set(Atom(sbt.plugins.CorePlugin)) and clauses Clauses(List(Clause(Atom(sbt.plugins.JvmPlugin),Set(Atom(sbt.plugins.IvyPlugin))), Clause(Atom(sbt.ScriptedPlugin),Set(Atom(sbt.plugins.JvmPlugin))), Clause(Atom(sbt.plugins.SbtPlugin),Set(Atom(sbt.ScriptedPlugin))), Clause(Atom(sbt.plugins.SemanticdbPlugin),Set(Atom(sbt.plugins.JvmPlugin))), Clause(Atom(sbt.plugins.JUnitXmlReportPlugin),Set(Atom(sbt.plugins.JvmPlugin))), Clause(Atom(sbt.plugins.MiniDependencyTreePlugin),Set(Atom(sbt.plugins.JvmPlugin))), Clause(Atom(sbt.plugins.CorePlugin),Set(Atom(sbt.plugins.IvyPlugin))), Clause(Atom(sbt.plugins.IvyPlugin),Set(Atom(sbt.plugins.JvmPlugin))), Clause(Atom(sbt.plugins.JvmPlugin),Set(Atom(sbt.plugins.SemanticdbPlugin))), Clause(Atom(sbt.plugins.JvmPlugin),Set(Atom(sbt.plugins.JUnitXmlReportPlugin))), Clause(Atom(sbt.plugins.CorePlugin),Set(Atom(sbt.plugins.Giter8TemplatePlugin))), Clause(Atom(sbt.plugins.JvmPlugin),Set(Atom(sbt.plugins.MiniDependencyTreePlugin)))))
[debug]   :: deduced result: Matched(sbt.plugins.CorePlugin,sbt.plugins.Giter8TemplatePlugin,sbt.plugins.IvyPlugin,sbt.plugins.JvmPlugin,sbt.plugins.MiniDependencyTreePlugin,sbt.plugins.JUnitXmlReportPlugin,sbt.plugins.SemanticdbPlugin)
[debug] Plugins.deducer#function took 1.1402 ms
[info] loading settings for project icp8-build from idea.sbt ...
[debug]               Load.resolveProject(icp8-build) took 2.1312ms
[debug]             Load.loadTransitive: finalizeProject(Project(id icp8-build, base: C:\Users\sjk37\Documents\ICP8\project, plugins: List(<none>))) took 3.7022ms
[debug] [Loading] Done in C:\Users\sjk37\Documents\ICP8\project, returning: (icp8-build)
[debug]           Load.loadUnit: loadedProjectsRaw took 1651.1395ms
[debug]           Load.loadUnit: cleanEvalClasses took 3.9201ms
[debug]         Load.loadUnit(file:/C:/Users/sjk37/Documents/ICP8/project/, ...) took 1680.6291ms
[debug]       Load.apply: load took 1681.8444ms
[debug]       Load.apply: resolveProjects took 0.0796ms
[debug]       Load.apply: finalTransforms took 7.9979ms
[debug]       Load.apply: config.delegates took 0.3355ms
[debug]       Load.apply: Def.make(settings)... took 53.2353ms
[debug]       Load.apply: structureIndex took 15.4543ms
[debug]       Load.apply: mkStreams took 0.002ms
[info] loading project definition from C:\Users\sjk37\Documents\ICP8\project
[debug] Running task... Cancel: Signal, check cycles: false, forcegc: true
[debug]     Load.loadUnit: plugins took 3024.5394ms
[debug]     Load.loadUnit: defsScala took 0.0029ms
[debug] [Loading] Scanning directory C:\Users\sjk37\Documents\ICP8
[debug]       Load.loadUnit: mkEval took 0.3454ms
[debug] [Loading] Found non-root projects 
[debug] [Loading] Done in C:\Users\sjk37\Documents\ICP8, returning: ()
[debug] deducing auto plugins based on known facts Set(Atom(sbt.plugins.CorePlugin)) and clauses Clauses(List(Clause(Atom(sbt.plugins.JvmPlugin),Set(Atom(sbt.plugins.IvyPlugin))), Clause(Atom(sbt.ScriptedPlugin),Set(Atom(sbt.plugins.JvmPlugin))), Clause(Atom(sbt.plugins.SbtPlugin),Set(Atom(sbt.ScriptedPlugin))), Clause(Atom(sbt.plugins.SemanticdbPlugin),Set(Atom(sbt.plugins.JvmPlugin))), Clause(Atom(sbt.plugins.JUnitXmlReportPlugin),Set(Atom(sbt.plugins.JvmPlugin))), Clause(Atom(sbt.plugins.MiniDependencyTreePlugin),Set(Atom(sbt.plugins.JvmPlugin))), Clause(Atom(org.jetbrains.sbt.StructurePlugin),Set(Atom(sbt.plugins.JvmPlugin))), Clause(Atom(org.jetbrains.sbt.IdeaShellPlugin),Set(Atom(sbt.plugins.JvmPlugin))), Clause(Atom(org.jetbrains.sbt.indices.SbtIntellijIndicesPlugin),Set(Atom(sbt.plugins.JvmPlugin))), Clause(Atom(sbt.plugins.CorePlugin),Set(Atom(sbt.plugins.IvyPlugin))), Clause(Atom(sbt.plugins.IvyPlugin),Set(Atom(sbt.plugins.JvmPlugin))), Clause(Atom(sbt.plugins.JvmPlugin),Set(Atom(sbt.plugins.SemanticdbPlugin))), Clause(Atom(sbt.plugins.JvmPlugin),Set(Atom(sbt.plugins.JUnitXmlReportPlugin))), Clause(Atom(sbt.plugins.CorePlugin),Set(Atom(sbt.plugins.Giter8TemplatePlugin))), Clause(Atom(sbt.plugins.JvmPlugin),Set(Atom(sbt.plugins.MiniDependencyTreePlugin))), Clause(Atom(sbt.plugins.JvmPlugin),Set(Atom(org.jetbrains.sbt.StructurePlugin))), Clause(Atom(sbt.plugins.JvmPlugin),Set(Atom(org.jetbrains.sbt.IdeaShellPlugin))), Clause(And(Set(Atom(sbt.plugins.CorePlugin), Atom(sbt.plugins.JvmPlugin))),Set(Atom(org.jetbrains.sbt.indices.SbtIntellijIndicesPlugin)))))
[debug]   :: deduced result: Matched(sbt.plugins.CorePlugin,sbt.plugins.Giter8TemplatePlugin,sbt.plugins.IvyPlugin,sbt.plugins.JvmPlugin,sbt.plugins.SemanticdbPlugin,org.jetbrains.sbt.indices.SbtIntellijIndicesPlugin,sbt.plugins.JUnitXmlReportPlugin,org.jetbrains.sbt.IdeaShellPlugin,org.jetbrains.sbt.StructurePlugin,sbt.plugins.MiniDependencyTreePlugin)
[debug] Plugins.deducer#function took 1.4917 ms
[info] loading settings for project icp8 from build.sbt ...
[debug]         Load.resolveProject(icp8) took 25.4197ms
[debug]       Load.loadTransitive: finalizeProject(Project(id icp8, base: C:\Users\sjk37\Documents\ICP8, plugins: List(<none>))) took 27.8794ms
[debug] [Loading] Done in C:\Users\sjk37\Documents\ICP8, returning: (icp8)
[debug]     Load.loadUnit: loadedProjectsRaw took 1005.7801ms
[debug]     Load.loadUnit: cleanEvalClasses took 15.7742ms
[debug]   Load.loadUnit(file:/C:/Users/sjk37/Documents/ICP8/, ...) took 4046.6359ms
[debug] Load.apply: load took 4048.1015ms
[debug] Load.apply: resolveProjects took 0.0835ms
[debug] Load.apply: finalTransforms took 18.8536ms
[debug] Load.apply: config.delegates took 0.209ms
[debug] Load.apply: Def.make(settings)... took 46.1807ms
[debug] Load.apply: structureIndex took 14.8019ms
[debug] Load.apply: mkStreams took 0.0023ms
[info] set current project to untitled2 (in build file:/C:/Users/sjk37/Documents/ICP8/)
[debug] > Exec(sbtPopOnFailure, None, None)
[debug] > Exec(resumeFromFailure, None, None)
[debug] > Exec(notifyUsersAboutShell, None, None)
[debug] > Exec(iflast shell, None, None)
[debug] > Exec(; set ideaPort in Global := 64586 ; idea-shell, None, None)
[debug] > Exec(set ideaPort in Global := 64586, None, None)
[info] Defining Global / ideaPort
[info] The new value will be used by Compile / compile, Test / compile
[debug] Defining 
[debug] 	Global / ideaPort
[debug] 
[debug] The new value will be used by 
[debug] 	Compile / compile
[debug] 	Test / compile
[info] Reapplying settings...
[info] set current project to untitled2 (in build file:/C:/Users/sjk37/Documents/ICP8/)
[debug] > Exec(idea-shell, None, None)
